2019-07-22 19:36:39 Error: [UnexpectedValueException] Referenced fixture class "App\Test\Fixture\UsersFixture" not found. Fixture "app.Users" was referenced in test case "App\Test\TestCase\Model\Table\PostsTableTest". in /var/www/cake.example.com/vendor/cakephp/cakephp/src/TestSuite/Fixture/FixtureManager.php on line 252
Stack Trace:
#0 /var/www/cake.example.com/vendor/cakephp/cakephp/src/TestSuite/Fixture/FixtureManager.php(103): Cake\TestSuite\Fixture\FixtureManager->_loadFixtures(Object(App\Test\TestCase\Model\Table\PostsTableTest))
#1 /var/www/cake.example.com/vendor/cakephp/cakephp/src/TestSuite/Fixture/FixtureInjector.php(97): Cake\TestSuite\Fixture\FixtureManager->fixturize(Object(App\Test\TestCase\Model\Table\PostsTableTest))
#2 /var/www/cake.example.com/vendor/phpunit/phpunit/src/Framework/TestResult.php(395): Cake\TestSuite\Fixture\FixtureInjector->startTest(Object(App\Test\TestCase\Model\Table\PostsTableTest))
#3 /var/www/cake.example.com/vendor/phpunit/phpunit/src/Framework/TestResult.php(637): PHPUnit\Framework\TestResult->startTest(Object(App\Test\TestCase\Model\Table\PostsTableTest))
#4 /var/www/cake.example.com/vendor/phpunit/phpunit/src/Framework/TestCase.php(894): PHPUnit\Framework\TestResult->run(Object(App\Test\TestCase\Model\Table\PostsTableTest))
#5 /var/www/cake.example.com/vendor/phpunit/phpunit/src/Framework/TestSuite.php(755): PHPUnit\Framework\TestCase->run(Object(PHPUnit\Framework\TestResult))
#6 /var/www/cake.example.com/vendor/phpunit/phpunit/src/TextUI/TestRunner.php(545): PHPUnit\Framework\TestSuite->run(Object(PHPUnit\Framework\TestResult))
#7 /var/www/cake.example.com/vendor/phpunit/phpunit/src/TextUI/Command.php(195): PHPUnit\TextUI\TestRunner->doRun(Object(PHPUnit\Framework\TestSuite), Array, true)
#8 /var/www/cake.example.com/vendor/phpunit/phpunit/src/TextUI/Command.php(148): PHPUnit\TextUI\Command->run(Array, true)
#9 /var/www/cake.example.com/vendor/phpunit/phpunit/phpunit(53): PHPUnit\TextUI\Command::main()
#10 {main}


2019-07-22 20:14:58 Error: [UnexpectedValueException] Referenced fixture class "App\Test\Fixture\UsersFixture" not found. Fixture "app.Users" was referenced in test case "App\Test\TestCase\Model\Table\PostsTableTest". in /var/www/cake.example.com/vendor/cakephp/cakephp/src/TestSuite/Fixture/FixtureManager.php on line 252
Stack Trace:
#0 /var/www/cake.example.com/vendor/cakephp/cakephp/src/TestSuite/Fixture/FixtureManager.php(103): Cake\TestSuite\Fixture\FixtureManager->_loadFixtures(Object(App\Test\TestCase\Model\Table\PostsTableTest))
#1 /var/www/cake.example.com/vendor/cakephp/cakephp/src/TestSuite/Fixture/FixtureInjector.php(97): Cake\TestSuite\Fixture\FixtureManager->fixturize(Object(App\Test\TestCase\Model\Table\PostsTableTest))
#2 /var/www/cake.example.com/vendor/phpunit/phpunit/src/Framework/TestResult.php(395): Cake\TestSuite\Fixture\FixtureInjector->startTest(Object(App\Test\TestCase\Model\Table\PostsTableTest))
#3 /var/www/cake.example.com/vendor/phpunit/phpunit/src/Framework/TestResult.php(637): PHPUnit\Framework\TestResult->startTest(Object(App\Test\TestCase\Model\Table\PostsTableTest))
#4 /var/www/cake.example.com/vendor/phpunit/phpunit/src/Framework/TestCase.php(894): PHPUnit\Framework\TestResult->run(Object(App\Test\TestCase\Model\Table\PostsTableTest))
#5 /var/www/cake.example.com/vendor/phpunit/phpunit/src/Framework/TestSuite.php(755): PHPUnit\Framework\TestCase->run(Object(PHPUnit\Framework\TestResult))
#6 /var/www/cake.example.com/vendor/phpunit/phpunit/src/TextUI/TestRunner.php(545): PHPUnit\Framework\TestSuite->run(Object(PHPUnit\Framework\TestResult))
#7 /var/www/cake.example.com/vendor/phpunit/phpunit/src/TextUI/Command.php(195): PHPUnit\TextUI\TestRunner->doRun(Object(PHPUnit\Framework\TestSuite), Array, true)
#8 /var/www/cake.example.com/vendor/phpunit/phpunit/src/TextUI/Command.php(148): PHPUnit\TextUI\Command->run(Array, true)
#9 /var/www/cake.example.com/vendor/phpunit/phpunit/phpunit(53): PHPUnit\TextUI\Command::main()
#10 {main}


2019-07-22 20:17:40 Error: [UnexpectedValueException] Referenced fixture class "App\Test\Fixture\UsersFixture" not found. Fixture "app.Users" was referenced in test case "App\Test\TestCase\Model\Table\PostsTableTest". in /var/www/cake.example.com/vendor/cakephp/cakephp/src/TestSuite/Fixture/FixtureManager.php on line 252
Stack Trace:
#0 /var/www/cake.example.com/vendor/cakephp/cakephp/src/TestSuite/Fixture/FixtureManager.php(103): Cake\TestSuite\Fixture\FixtureManager->_loadFixtures(Object(App\Test\TestCase\Model\Table\PostsTableTest))
#1 /var/www/cake.example.com/vendor/cakephp/cakephp/src/TestSuite/Fixture/FixtureInjector.php(97): Cake\TestSuite\Fixture\FixtureManager->fixturize(Object(App\Test\TestCase\Model\Table\PostsTableTest))
#2 /var/www/cake.example.com/vendor/phpunit/phpunit/src/Framework/TestResult.php(395): Cake\TestSuite\Fixture\FixtureInjector->startTest(Object(App\Test\TestCase\Model\Table\PostsTableTest))
#3 /var/www/cake.example.com/vendor/phpunit/phpunit/src/Framework/TestResult.php(637): PHPUnit\Framework\TestResult->startTest(Object(App\Test\TestCase\Model\Table\PostsTableTest))
#4 /var/www/cake.example.com/vendor/phpunit/phpunit/src/Framework/TestCase.php(894): PHPUnit\Framework\TestResult->run(Object(App\Test\TestCase\Model\Table\PostsTableTest))
#5 /var/www/cake.example.com/vendor/phpunit/phpunit/src/Framework/TestSuite.php(755): PHPUnit\Framework\TestCase->run(Object(PHPUnit\Framework\TestResult))
#6 /var/www/cake.example.com/vendor/phpunit/phpunit/src/TextUI/TestRunner.php(545): PHPUnit\Framework\TestSuite->run(Object(PHPUnit\Framework\TestResult))
#7 /var/www/cake.example.com/vendor/phpunit/phpunit/src/TextUI/Command.php(195): PHPUnit\TextUI\TestRunner->doRun(Object(PHPUnit\Framework\TestSuite), Array, true)
#8 /var/www/cake.example.com/vendor/phpunit/phpunit/src/TextUI/Command.php(148): PHPUnit\TextUI\Command->run(Array, true)
#9 /var/www/cake.example.com/vendor/phpunit/phpunit/phpunit(53): PHPUnit\TextUI\Command::main()
#10 {main}


2019-07-22 20:40:42 Error: [UnexpectedValueException] Referenced fixture class "App\Test\Fixture\UsersFixture" not found. Fixture "app.Users" was referenced in test case "App\Test\TestCase\Model\Table\PostsTableTest". in /var/www/cake.example.com/vendor/cakephp/cakephp/src/TestSuite/Fixture/FixtureManager.php on line 252
Stack Trace:
#0 /var/www/cake.example.com/vendor/cakephp/cakephp/src/TestSuite/Fixture/FixtureManager.php(103): Cake\TestSuite\Fixture\FixtureManager->_loadFixtures(Object(App\Test\TestCase\Model\Table\PostsTableTest))
#1 /var/www/cake.example.com/vendor/cakephp/cakephp/src/TestSuite/Fixture/FixtureInjector.php(97): Cake\TestSuite\Fixture\FixtureManager->fixturize(Object(App\Test\TestCase\Model\Table\PostsTableTest))
#2 /var/www/cake.example.com/vendor/phpunit/phpunit/src/Framework/TestResult.php(395): Cake\TestSuite\Fixture\FixtureInjector->startTest(Object(App\Test\TestCase\Model\Table\PostsTableTest))
#3 /var/www/cake.example.com/vendor/phpunit/phpunit/src/Framework/TestResult.php(637): PHPUnit\Framework\TestResult->startTest(Object(App\Test\TestCase\Model\Table\PostsTableTest))
#4 /var/www/cake.example.com/vendor/phpunit/phpunit/src/Framework/TestCase.php(894): PHPUnit\Framework\TestResult->run(Object(App\Test\TestCase\Model\Table\PostsTableTest))
#5 /var/www/cake.example.com/vendor/phpunit/phpunit/src/Framework/TestSuite.php(755): PHPUnit\Framework\TestCase->run(Object(PHPUnit\Framework\TestResult))
#6 /var/www/cake.example.com/vendor/phpunit/phpunit/src/TextUI/TestRunner.php(545): PHPUnit\Framework\TestSuite->run(Object(PHPUnit\Framework\TestResult))
#7 /var/www/cake.example.com/vendor/phpunit/phpunit/src/TextUI/Command.php(195): PHPUnit\TextUI\TestRunner->doRun(Object(PHPUnit\Framework\TestSuite), Array, true)
#8 /var/www/cake.example.com/vendor/phpunit/phpunit/src/TextUI/Command.php(148): PHPUnit\TextUI\Command->run(Array, true)
#9 /var/www/cake.example.com/vendor/phpunit/phpunit/phpunit(53): PHPUnit\TextUI\Command::main()
#10 {main}


