2019-07-22 15:29:04 Warning: DebugKit not enabled. You need to either install pdo_sqlite, or define the "debug_kit" connection name.
2019-07-22 16:12:13 Warning: DebugKit not enabled. You need to either install pdo_sqlite, or define the "debug_kit" connection name.
2019-07-22 16:13:52 Warning: DebugKit not enabled. You need to either install pdo_sqlite, or define the "debug_kit" connection name.
2019-07-22 16:14:41 Warning: DebugKit not enabled. You need to either install pdo_sqlite, or define the "debug_kit" connection name.
2019-07-22 16:27:36 Warning: DebugKit not enabled. You need to either install pdo_sqlite, or define the "debug_kit" connection name.
2019-07-22 18:07:51 Warning: DebugKit is disabling itself as your host `loc.cake.example.com` is not in the known safe list of top-level-domains (localhost, invalid, test, example, local). If you would like to force DebugKit on use the `DebugKit.forceEnable` Configure option.
2019-07-22 18:08:34 Warning: DebugKit is disabling itself as your host `loc.cake.example.com` is not in the known safe list of top-level-domains (localhost, invalid, test, example, local). If you would like to force DebugKit on use the `DebugKit.forceEnable` Configure option.
2019-07-22 18:28:55 Warning: DebugKit is disabling itself as your host `loc.cake.example.com` is not in the known safe list of top-level-domains (localhost, invalid, test, example, local). If you would like to force DebugKit on use the `DebugKit.forceEnable` Configure option.
2019-07-22 18:28:55 Warning: Warning (512): Unable to emit headers. Headers sent in file=/var/www/cake.example.com/vendor/cakephp/cakephp/src/Error/Debugger.php line=853 in [/var/www/cake.example.com/vendor/cakephp/cakephp/src/Http/ResponseEmitter.php, line 51]
Request URL: /users/users/login
Client IP: 127.0.0.1
Trace:
Cake\Error\BaseErrorHandler::handleError() - CORE/src/Error/BaseErrorHandler.php, line 159
Cake\Http\ResponseEmitter::emit() - CORE/src/Http/ResponseEmitter.php, line 51
Cake\Http\Server::emit() - CORE/src/Http/Server.php, line 141
[main] - ROOT/webroot/index.php, line 40



2019-07-22 18:28:55 Warning: Warning (2): Cannot modify header information - headers already sent by (output started at /var/www/cake.example.com/vendor/cakephp/cakephp/src/Error/Debugger.php:853) in [/var/www/cake.example.com/vendor/cakephp/cakephp/src/Http/ResponseEmitter.php, line 152]
Request URL: /users/users/login
Client IP: 127.0.0.1
Trace:
Cake\Error\BaseErrorHandler::handleError() - CORE/src/Error/BaseErrorHandler.php, line 159
header - [internal], line ??
Cake\Http\ResponseEmitter::emitStatusLine() - CORE/src/Http/ResponseEmitter.php, line 152
Cake\Http\ResponseEmitter::emit() - CORE/src/Http/ResponseEmitter.php, line 57
Cake\Http\Server::emit() - CORE/src/Http/Server.php, line 141
[main] - ROOT/webroot/index.php, line 40



2019-07-22 18:28:55 Warning: Warning (2): Cannot modify header information - headers already sent by (output started at /var/www/cake.example.com/vendor/cakephp/cakephp/src/Error/Debugger.php:853) in [/var/www/cake.example.com/vendor/cakephp/cakephp/src/Http/ResponseEmitter.php, line 185]
Request URL: /users/users/login
Client IP: 127.0.0.1
Trace:
Cake\Error\BaseErrorHandler::handleError() - CORE/src/Error/BaseErrorHandler.php, line 159
header - [internal], line ??
Cake\Http\ResponseEmitter::emitHeaders() - CORE/src/Http/ResponseEmitter.php, line 185
Cake\Http\ResponseEmitter::emit() - CORE/src/Http/ResponseEmitter.php, line 58
Cake\Http\Server::emit() - CORE/src/Http/Server.php, line 141
[main] - ROOT/webroot/index.php, line 40



2019-07-22 18:29:22 Warning: DebugKit is disabling itself as your host `loc.cake.example.com` is not in the known safe list of top-level-domains (localhost, invalid, test, example, local). If you would like to force DebugKit on use the `DebugKit.forceEnable` Configure option.
2019-07-22 18:29:22 Warning: Warning (512): Unable to emit headers. Headers sent in file=/var/www/cake.example.com/vendor/cakephp/cakephp/src/Error/Debugger.php line=853 in [/var/www/cake.example.com/vendor/cakephp/cakephp/src/Http/ResponseEmitter.php, line 51]
Request URL: /users/users/register
Referer URL: http://loc.cake.example.com/users/users/login
Client IP: 127.0.0.1
Trace:
Cake\Error\BaseErrorHandler::handleError() - CORE/src/Error/BaseErrorHandler.php, line 159
Cake\Http\ResponseEmitter::emit() - CORE/src/Http/ResponseEmitter.php, line 51
Cake\Http\Server::emit() - CORE/src/Http/Server.php, line 141
[main] - ROOT/webroot/index.php, line 40



2019-07-22 18:29:22 Warning: Warning (2): Cannot modify header information - headers already sent by (output started at /var/www/cake.example.com/vendor/cakephp/cakephp/src/Error/Debugger.php:853) in [/var/www/cake.example.com/vendor/cakephp/cakephp/src/Http/ResponseEmitter.php, line 152]
Request URL: /users/users/register
Referer URL: http://loc.cake.example.com/users/users/login
Client IP: 127.0.0.1
Trace:
Cake\Error\BaseErrorHandler::handleError() - CORE/src/Error/BaseErrorHandler.php, line 159
header - [internal], line ??
Cake\Http\ResponseEmitter::emitStatusLine() - CORE/src/Http/ResponseEmitter.php, line 152
Cake\Http\ResponseEmitter::emit() - CORE/src/Http/ResponseEmitter.php, line 57
Cake\Http\Server::emit() - CORE/src/Http/Server.php, line 141
[main] - ROOT/webroot/index.php, line 40



2019-07-22 18:29:22 Warning: Warning (2): Cannot modify header information - headers already sent by (output started at /var/www/cake.example.com/vendor/cakephp/cakephp/src/Error/Debugger.php:853) in [/var/www/cake.example.com/vendor/cakephp/cakephp/src/Http/ResponseEmitter.php, line 185]
Request URL: /users/users/register
Referer URL: http://loc.cake.example.com/users/users/login
Client IP: 127.0.0.1
Trace:
Cake\Error\BaseErrorHandler::handleError() - CORE/src/Error/BaseErrorHandler.php, line 159
header - [internal], line ??
Cake\Http\ResponseEmitter::emitHeaders() - CORE/src/Http/ResponseEmitter.php, line 185
Cake\Http\ResponseEmitter::emit() - CORE/src/Http/ResponseEmitter.php, line 58
Cake\Http\Server::emit() - CORE/src/Http/Server.php, line 141
[main] - ROOT/webroot/index.php, line 40



2019-07-22 18:29:32 Warning: DebugKit is disabling itself as your host `loc.cake.example.com` is not in the known safe list of top-level-domains (localhost, invalid, test, example, local). If you would like to force DebugKit on use the `DebugKit.forceEnable` Configure option.
2019-07-22 18:29:32 Warning: Warning (512): Unable to emit headers. Headers sent in file=/var/www/cake.example.com/vendor/cakephp/cakephp/src/Error/Debugger.php line=853 in [/var/www/cake.example.com/vendor/cakephp/cakephp/src/Http/ResponseEmitter.php, line 51]
Request URL: /users/users/request-reset-password
Referer URL: http://loc.cake.example.com/users/users/login
Client IP: 127.0.0.1
Trace:
Cake\Error\BaseErrorHandler::handleError() - CORE/src/Error/BaseErrorHandler.php, line 159
Cake\Http\ResponseEmitter::emit() - CORE/src/Http/ResponseEmitter.php, line 51
Cake\Http\Server::emit() - CORE/src/Http/Server.php, line 141
[main] - ROOT/webroot/index.php, line 40



2019-07-22 18:29:32 Warning: Warning (2): Cannot modify header information - headers already sent by (output started at /var/www/cake.example.com/vendor/cakephp/cakephp/src/Error/Debugger.php:853) in [/var/www/cake.example.com/vendor/cakephp/cakephp/src/Http/ResponseEmitter.php, line 152]
Request URL: /users/users/request-reset-password
Referer URL: http://loc.cake.example.com/users/users/login
Client IP: 127.0.0.1
Trace:
Cake\Error\BaseErrorHandler::handleError() - CORE/src/Error/BaseErrorHandler.php, line 159
header - [internal], line ??
Cake\Http\ResponseEmitter::emitStatusLine() - CORE/src/Http/ResponseEmitter.php, line 152
Cake\Http\ResponseEmitter::emit() - CORE/src/Http/ResponseEmitter.php, line 57
Cake\Http\Server::emit() - CORE/src/Http/Server.php, line 141
[main] - ROOT/webroot/index.php, line 40



2019-07-22 18:29:32 Warning: Warning (2): Cannot modify header information - headers already sent by (output started at /var/www/cake.example.com/vendor/cakephp/cakephp/src/Error/Debugger.php:853) in [/var/www/cake.example.com/vendor/cakephp/cakephp/src/Http/ResponseEmitter.php, line 185]
Request URL: /users/users/request-reset-password
Referer URL: http://loc.cake.example.com/users/users/login
Client IP: 127.0.0.1
Trace:
Cake\Error\BaseErrorHandler::handleError() - CORE/src/Error/BaseErrorHandler.php, line 159
header - [internal], line ??
Cake\Http\ResponseEmitter::emitHeaders() - CORE/src/Http/ResponseEmitter.php, line 185
Cake\Http\ResponseEmitter::emit() - CORE/src/Http/ResponseEmitter.php, line 58
Cake\Http\Server::emit() - CORE/src/Http/Server.php, line 141
[main] - ROOT/webroot/index.php, line 40



2019-07-22 18:43:52 Warning: DebugKit is disabling itself as your host `loc.cake.example.com` is not in the known safe list of top-level-domains (localhost, invalid, test, example, local). If you would like to force DebugKit on use the `DebugKit.forceEnable` Configure option.
2019-07-22 18:44:40 Warning: DebugKit is disabling itself as your host `loc.cake.example.com` is not in the known safe list of top-level-domains (localhost, invalid, test, example, local). If you would like to force DebugKit on use the `DebugKit.forceEnable` Configure option.
2019-07-22 18:44:46 Warning: DebugKit is disabling itself as your host `loc.cake.example.com` is not in the known safe list of top-level-domains (localhost, invalid, test, example, local). If you would like to force DebugKit on use the `DebugKit.forceEnable` Configure option.
2019-07-22 18:45:47 Warning: DebugKit is disabling itself as your host `loc.cake.example.com` is not in the known safe list of top-level-domains (localhost, invalid, test, example, local). If you would like to force DebugKit on use the `DebugKit.forceEnable` Configure option.
2019-07-22 18:47:34 Warning: DebugKit is disabling itself as your host `loc.cake.example.com` is not in the known safe list of top-level-domains (localhost, invalid, test, example, local). If you would like to force DebugKit on use the `DebugKit.forceEnable` Configure option.
2019-07-22 18:51:18 Warning: DebugKit is disabling itself as your host `loc.cake.example.com` is not in the known safe list of top-level-domains (localhost, invalid, test, example, local). If you would like to force DebugKit on use the `DebugKit.forceEnable` Configure option.
2019-07-22 18:51:20 Warning: DebugKit is disabling itself as your host `loc.cake.example.com` is not in the known safe list of top-level-domains (localhost, invalid, test, example, local). If you would like to force DebugKit on use the `DebugKit.forceEnable` Configure option.
2019-07-22 18:51:20 Warning: DebugKit is disabling itself as your host `loc.cake.example.com` is not in the known safe list of top-level-domains (localhost, invalid, test, example, local). If you would like to force DebugKit on use the `DebugKit.forceEnable` Configure option.
2019-07-22 18:52:04 Warning: DebugKit is disabling itself as your host `loc.cake.example.com` is not in the known safe list of top-level-domains (localhost, invalid, test, example, local). If you would like to force DebugKit on use the `DebugKit.forceEnable` Configure option.
2019-07-22 18:52:44 Warning: DebugKit is disabling itself as your host `loc.cake.example.com` is not in the known safe list of top-level-domains (localhost, invalid, test, example, local). If you would like to force DebugKit on use the `DebugKit.forceEnable` Configure option.
2019-07-22 18:52:44 Warning: DebugKit is disabling itself as your host `loc.cake.example.com` is not in the known safe list of top-level-domains (localhost, invalid, test, example, local). If you would like to force DebugKit on use the `DebugKit.forceEnable` Configure option.
2019-07-22 18:52:58 Warning: DebugKit is disabling itself as your host `loc.cake.example.com` is not in the known safe list of top-level-domains (localhost, invalid, test, example, local). If you would like to force DebugKit on use the `DebugKit.forceEnable` Configure option.
2019-07-22 18:52:58 Warning: DebugKit is disabling itself as your host `loc.cake.example.com` is not in the known safe list of top-level-domains (localhost, invalid, test, example, local). If you would like to force DebugKit on use the `DebugKit.forceEnable` Configure option.
2019-07-22 18:56:33 Warning: DebugKit is disabling itself as your host `loc.cake.example.com` is not in the known safe list of top-level-domains (localhost, invalid, test, example, local). If you would like to force DebugKit on use the `DebugKit.forceEnable` Configure option.
2019-07-22 18:56:34 Warning: DebugKit is disabling itself as your host `loc.cake.example.com` is not in the known safe list of top-level-domains (localhost, invalid, test, example, local). If you would like to force DebugKit on use the `DebugKit.forceEnable` Configure option.
2019-07-22 18:56:36 Warning: DebugKit is disabling itself as your host `loc.cake.example.com` is not in the known safe list of top-level-domains (localhost, invalid, test, example, local). If you would like to force DebugKit on use the `DebugKit.forceEnable` Configure option.
2019-07-22 18:56:36 Error: [Cake\Database\Exception] SQLSTATE[42S02]: Base table or view not found: 1146 Table 'cake_app.users' doesn't exist
#0 /var/www/cake.example.com/vendor/cakephp/cakephp/src/Database/Schema/Collection.php(99): Cake\Database\Schema\Collection->_reflect('Column', 'users', Array, Object(Cake\Database\Schema\TableSchema))
#1 /var/www/cake.example.com/vendor/cakephp/cakephp/src/Database/Schema/CachedCollection.php(63): Cake\Database\Schema\Collection->describe('users', Array)
#2 /var/www/cake.example.com/vendor/cakephp/cakephp/src/ORM/Table.php(560): Cake\Database\Schema\CachedCollection->describe('users')
#3 /var/www/cake.example.com/vendor/cakephp/cakephp/src/View/Form/EntityContext.php(664): Cake\ORM\Table->getSchema()
#4 /var/www/cake.example.com/vendor/cakephp/cakephp/src/View/Helper/FormHelper.php(1380): Cake\View\Form\EntityContext->type('username')
#5 /var/www/cake.example.com/vendor/cakephp/cakephp/src/View/Helper/FormHelper.php(1351): Cake\View\Helper\FormHelper->_inputType('username', Array)
#6 /var/www/cake.example.com/vendor/cakephp/cakephp/src/View/Helper/FormHelper.php(1171): Cake\View\Helper\FormHelper->_parseOptions('username', Array)
#7 /var/www/cake.example.com/vendor/cakedc/users/src/Template/Users/register.ctp(19): Cake\View\Helper\FormHelper->control('username', Array)
#8 /var/www/cake.example.com/vendor/cakephp/cakephp/src/View/View.php(1419): include('/var/www/cake.e...')
#9 /var/www/cake.example.com/vendor/cakephp/cakephp/src/View/View.php(1380): Cake\View\View->_evaluate('/var/www/cake.e...', Array)
#10 /var/www/cake.example.com/vendor/cakephp/cakephp/src/View/View.php(880): Cake\View\View->_render('/var/www/cake.e...')
#11 /var/www/cake.example.com/vendor/cakephp/cakephp/src/Controller/Controller.php(796): Cake\View\View->render(NULL, NULL)
#12 /var/www/cake.example.com/vendor/cakephp/cakephp/src/Http/ActionDispatcher.php(126): Cake\Controller\Controller->render()
#13 /var/www/cake.example.com/vendor/cakephp/cakephp/src/Http/ActionDispatcher.php(94): Cake\Http\ActionDispatcher->_invoke(Object(CakeDC\Users\Controller\UsersController))
#14 /var/www/cake.example.com/vendor/cakephp/cakephp/src/Http/BaseApplication.php(235): Cake\Http\ActionDispatcher->dispatch(Object(Cake\Http\ServerRequest), Object(Cake\Http\Response))
#15 /var/www/cake.example.com/vendor/cakephp/cakephp/src/Http/Runner.php(65): Cake\Http\BaseApplication->__invoke(Object(Cake\Http\ServerRequest), Object(Cake\Http\Response), Object(Cake\Http\Runner))
#16 /var/www/cake.example.com/vendor/cakephp/cakephp/src/Routing/Middleware/RoutingMiddleware.php(162): Cake\Http\Runner->__invoke(Object(Cake\Http\ServerRequest), Object(Cake\Http\Response))
#17 /var/www/cake.example.com/vendor/cakephp/cakephp/src/Http/Runner.php(65): Cake\Routing\Middleware\RoutingMiddleware->__invoke(Object(Cake\Http\ServerRequest), Object(Cake\Http\Response), Object(Cake\Http\Runner))
#18 /var/www/cake.example.com/vendor/cakephp/cakephp/src/Routing/Middleware/AssetMiddleware.php(88): Cake\Http\Runner->__invoke(Object(Cake\Http\ServerRequest), Object(Cake\Http\Response))
#19 /var/www/cake.example.com/vendor/cakephp/cakephp/src/Http/Runner.php(65): Cake\Routing\Middleware\AssetMiddleware->__invoke(Object(Cake\Http\ServerRequest), Object(Cake\Http\Response), Object(Cake\Http\Runner))
#20 /var/www/cake.example.com/vendor/cakephp/cakephp/src/Error/Middleware/ErrorHandlerMiddleware.php(96): Cake\Http\Runner->__invoke(Object(Cake\Http\ServerRequest), Object(Cake\Http\Response))
#21 /var/www/cake.example.com/vendor/cakephp/cakephp/src/Http/Runner.php(65): Cake\Error\Middleware\ErrorHandlerMiddleware->__invoke(Object(Cake\Http\ServerRequest), Object(Cake\Http\Response), Object(Cake\Http\Runner))
#22 /var/www/cake.example.com/vendor/cakephp/cakephp/src/Http/Runner.php(51): Cake\Http\Runner->__invoke(Object(Cake\Http\ServerRequest), Object(Cake\Http\Response))
#23 /var/www/cake.example.com/vendor/cakephp/cakephp/src/Http/Server.php(98): Cake\Http\Runner->run(Object(Cake\Http\MiddlewareQueue), Object(Cake\Http\ServerRequest), Object(Cake\Http\Response))
#24 /var/www/cake.example.com/webroot/index.php(40): Cake\Http\Server->run()
#25 {main}
Caused by: [PDOException] SQLSTATE[42S02]: Base table or view not found: 1146 Table 'cake_app.users' doesn't exist
#0 /var/www/cake.example.com/vendor/cakephp/cakephp/src/Database/Statement/MysqlStatement.php(39): PDOStatement->execute(NULL)
#1 /var/www/cake.example.com/vendor/cakephp/cakephp/src/Database/Connection.php(350): Cake\Database\Statement\MysqlStatement->execute()
#2 /var/www/cake.example.com/vendor/cakephp/cakephp/src/Core/Retry/CommandRetry.php(68): Cake\Database\Connection->Cake\Database\{closure}()
#3 /var/www/cake.example.com/vendor/cakephp/cakephp/src/Database/Connection.php(353): Cake\Core\Retry\CommandRetry->run(Object(Closure))
#4 /var/www/cake.example.com/vendor/cakephp/cakephp/src/Database/Connection.php(302): Cake\Database\Connection->query('SHOW FULL COLUM...')
#5 /var/www/cake.example.com/vendor/cakephp/cakephp/src/Core/Retry/CommandRetry.php(68): Cake\Database\Connection->Cake\Database\{closure}()
#6 /var/www/cake.example.com/vendor/cakephp/cakephp/src/Database/Connection.php(306): Cake\Core\Retry\CommandRetry->run(Object(Closure))
#7 /var/www/cake.example.com/vendor/cakephp/cakephp/src/Database/Schema/Collection.php(131): Cake\Database\Connection->execute('SHOW FULL COLUM...', Array)
#8 /var/www/cake.example.com/vendor/cakephp/cakephp/src/Database/Schema/Collection.php(99): Cake\Database\Schema\Collection->_reflect('Column', 'users', Array, Object(Cake\Database\Schema\TableSchema))
#9 /var/www/cake.example.com/vendor/cakephp/cakephp/src/Database/Schema/CachedCollection.php(63): Cake\Database\Schema\Collection->describe('users', Array)
#10 /var/www/cake.example.com/vendor/cakephp/cakephp/src/ORM/Table.php(560): Cake\Database\Schema\CachedCollection->describe('users')
#11 /var/www/cake.example.com/vendor/cakephp/cakephp/src/View/Form/EntityContext.php(664): Cake\ORM\Table->getSchema()
#12 /var/www/cake.example.com/vendor/cakephp/cakephp/src/View/Helper/FormHelper.php(1380): Cake\View\Form\EntityContext->type('username')
#13 /var/www/cake.example.com/vendor/cakephp/cakephp/src/View/Helper/FormHelper.php(1351): Cake\View\Helper\FormHelper->_inputType('username', Array)
#14 /var/www/cake.example.com/vendor/cakephp/cakephp/src/View/Helper/FormHelper.php(1171): Cake\View\Helper\FormHelper->_parseOptions('username', Array)
#15 /var/www/cake.example.com/vendor/cakedc/users/src/Template/Users/register.ctp(19): Cake\View\Helper\FormHelper->control('username', Array)
#16 /var/www/cake.example.com/vendor/cakephp/cakephp/src/View/View.php(1419): include('/var/www/cake.e...')
#17 /var/www/cake.example.com/vendor/cakephp/cakephp/src/View/View.php(1380): Cake\View\View->_evaluate('/var/www/cake.e...', Array)
#18 /var/www/cake.example.com/vendor/cakephp/cakephp/src/View/View.php(880): Cake\View\View->_render('/var/www/cake.e...')
#19 /var/www/cake.example.com/vendor/cakephp/cakephp/src/Controller/Controller.php(796): Cake\View\View->render(NULL, NULL)
#20 /var/www/cake.example.com/vendor/cakephp/cakephp/src/Http/ActionDispatcher.php(126): Cake\Controller\Controller->render()
#21 /var/www/cake.example.com/vendor/cakephp/cakephp/src/Http/ActionDispatcher.php(94): Cake\Http\ActionDispatcher->_invoke(Object(CakeDC\Users\Controller\UsersController))
#22 /var/www/cake.example.com/vendor/cakephp/cakephp/src/Http/BaseApplication.php(235): Cake\Http\ActionDispatcher->dispatch(Object(Cake\Http\ServerRequest), Object(Cake\Http\Response))
#23 /var/www/cake.example.com/vendor/cakephp/cakephp/src/Http/Runner.php(65): Cake\Http\BaseApplication->__invoke(Object(Cake\Http\ServerRequest), Object(Cake\Http\Response), Object(Cake\Http\Runner))
#24 /var/www/cake.example.com/vendor/cakephp/cakephp/src/Routing/Middleware/RoutingMiddleware.php(162): Cake\Http\Runner->__invoke(Object(Cake\Http\ServerRequest), Object(Cake\Http\Response))
#25 /var/www/cake.example.com/vendor/cakephp/cakephp/src/Http/Runner.php(65): Cake\Routing\Middleware\RoutingMiddleware->__invoke(Object(Cake\Http\ServerRequest), Object(Cake\Http\Response), Object(Cake\Http\Runner))
#26 /var/www/cake.example.com/vendor/cakephp/cakephp/src/Routing/Middleware/AssetMiddleware.php(88): Cake\Http\Runner->__invoke(Object(Cake\Http\ServerRequest), Object(Cake\Http\Response))
#27 /var/www/cake.example.com/vendor/cakephp/cakephp/src/Http/Runner.php(65): Cake\Routing\Middleware\AssetMiddleware->__invoke(Object(Cake\Http\ServerRequest), Object(Cake\Http\Response), Object(Cake\Http\Runner))
#28 /var/www/cake.example.com/vendor/cakephp/cakephp/src/Error/Middleware/ErrorHandlerMiddleware.php(96): Cake\Http\Runner->__invoke(Object(Cake\Http\ServerRequest), Object(Cake\Http\Response))
#29 /var/www/cake.example.com/vendor/cakephp/cakephp/src/Http/Runner.php(65): Cake\Error\Middleware\ErrorHandlerMiddleware->__invoke(Object(Cake\Http\ServerRequest), Object(Cake\Http\Response), Object(Cake\Http\Runner))
#30 /var/www/cake.example.com/vendor/cakephp/cakephp/src/Http/Runner.php(51): Cake\Http\Runner->__invoke(Object(Cake\Http\ServerRequest), Object(Cake\Http\Response))
#31 /var/www/cake.example.com/vendor/cakephp/cakephp/src/Http/Server.php(98): Cake\Http\Runner->run(Object(Cake\Http\MiddlewareQueue), Object(Cake\Http\ServerRequest), Object(Cake\Http\Response))
#32 /var/www/cake.example.com/webroot/index.php(40): Cake\Http\Server->run()
#33 {main}
Request URL: /users/users/register
Referer URL: http://loc.cake.example.com/login


2019-07-22 18:56:45 Warning: DebugKit is disabling itself as your host `loc.cake.example.com` is not in the known safe list of top-level-domains (localhost, invalid, test, example, local). If you would like to force DebugKit on use the `DebugKit.forceEnable` Configure option.
2019-07-22 18:56:56 Warning: DebugKit is disabling itself as your host `loc.cake.example.com` is not in the known safe list of top-level-domains (localhost, invalid, test, example, local). If you would like to force DebugKit on use the `DebugKit.forceEnable` Configure option.
2019-07-22 18:57:04 Warning: DebugKit is disabling itself as your host `loc.cake.example.com` is not in the known safe list of top-level-domains (localhost, invalid, test, example, local). If you would like to force DebugKit on use the `DebugKit.forceEnable` Configure option.
2019-07-22 18:57:05 Warning: DebugKit is disabling itself as your host `loc.cake.example.com` is not in the known safe list of top-level-domains (localhost, invalid, test, example, local). If you would like to force DebugKit on use the `DebugKit.forceEnable` Configure option.
2019-07-22 18:57:21 Warning: DebugKit is disabling itself as your host `loc.cake.example.com` is not in the known safe list of top-level-domains (localhost, invalid, test, example, local). If you would like to force DebugKit on use the `DebugKit.forceEnable` Configure option.
2019-07-22 18:57:21 Warning: DebugKit is disabling itself as your host `loc.cake.example.com` is not in the known safe list of top-level-domains (localhost, invalid, test, example, local). If you would like to force DebugKit on use the `DebugKit.forceEnable` Configure option.
2019-07-22 19:01:19 Warning: DebugKit is disabling itself as your host `loc.cake.example.com` is not in the known safe list of top-level-domains (localhost, invalid, test, example, local). If you would like to force DebugKit on use the `DebugKit.forceEnable` Configure option.
2019-07-22 19:01:29 Warning: DebugKit is disabling itself as your host `loc.cake.example.com` is not in the known safe list of top-level-domains (localhost, invalid, test, example, local). If you would like to force DebugKit on use the `DebugKit.forceEnable` Configure option.
2019-07-22 19:01:29 Warning: DebugKit is disabling itself as your host `loc.cake.example.com` is not in the known safe list of top-level-domains (localhost, invalid, test, example, local). If you would like to force DebugKit on use the `DebugKit.forceEnable` Configure option.
2019-07-22 19:01:32 Warning: DebugKit is disabling itself as your host `loc.cake.example.com` is not in the known safe list of top-level-domains (localhost, invalid, test, example, local). If you would like to force DebugKit on use the `DebugKit.forceEnable` Configure option.
2019-07-22 19:02:00 Warning: DebugKit is disabling itself as your host `loc.cake.example.com` is not in the known safe list of top-level-domains (localhost, invalid, test, example, local). If you would like to force DebugKit on use the `DebugKit.forceEnable` Configure option.
2019-07-22 19:04:07 Warning: DebugKit is disabling itself as your host `loc.cake.example.com` is not in the known safe list of top-level-domains (localhost, invalid, test, example, local). If you would like to force DebugKit on use the `DebugKit.forceEnable` Configure option.
2019-07-22 19:04:08 Warning: DebugKit is disabling itself as your host `loc.cake.example.com` is not in the known safe list of top-level-domains (localhost, invalid, test, example, local). If you would like to force DebugKit on use the `DebugKit.forceEnable` Configure option.
2019-07-22 19:07:56 Warning: DebugKit is disabling itself as your host `loc.cake.example.com` is not in the known safe list of top-level-domains (localhost, invalid, test, example, local). If you would like to force DebugKit on use the `DebugKit.forceEnable` Configure option.
2019-07-22 19:07:56 Warning: DebugKit is disabling itself as your host `loc.cake.example.com` is not in the known safe list of top-level-domains (localhost, invalid, test, example, local). If you would like to force DebugKit on use the `DebugKit.forceEnable` Configure option.
2019-07-22 19:08:09 Warning: DebugKit is disabling itself as your host `loc.cake.example.com` is not in the known safe list of top-level-domains (localhost, invalid, test, example, local). If you would like to force DebugKit on use the `DebugKit.forceEnable` Configure option.
2019-07-22 19:08:09 Warning: DebugKit is disabling itself as your host `loc.cake.example.com` is not in the known safe list of top-level-domains (localhost, invalid, test, example, local). If you would like to force DebugKit on use the `DebugKit.forceEnable` Configure option.
2019-07-22 19:10:43 Warning: DebugKit is disabling itself as your host `loc.cake.example.com` is not in the known safe list of top-level-domains (localhost, invalid, test, example, local). If you would like to force DebugKit on use the `DebugKit.forceEnable` Configure option.
2019-07-22 19:10:44 Warning: DebugKit is disabling itself as your host `loc.cake.example.com` is not in the known safe list of top-level-domains (localhost, invalid, test, example, local). If you would like to force DebugKit on use the `DebugKit.forceEnable` Configure option.
2019-07-22 19:19:48 Warning: DebugKit not enabled. You need to either install pdo_sqlite, or define the "debug_kit" connection name.
2019-07-22 19:25:00 Warning: DebugKit is disabling itself as your host `loc.cake.example.com` is not in the known safe list of top-level-domains (localhost, invalid, test, example, local). If you would like to force DebugKit on use the `DebugKit.forceEnable` Configure option.
2019-07-22 19:25:17 Warning: DebugKit is disabling itself as your host `loc.cake.example.com` is not in the known safe list of top-level-domains (localhost, invalid, test, example, local). If you would like to force DebugKit on use the `DebugKit.forceEnable` Configure option.
2019-07-22 19:25:24 Warning: DebugKit is disabling itself as your host `loc.cake.example.com` is not in the known safe list of top-level-domains (localhost, invalid, test, example, local). If you would like to force DebugKit on use the `DebugKit.forceEnable` Configure option.
2019-07-22 19:25:50 Warning: DebugKit is disabling itself as your host `loc.cake.example.com` is not in the known safe list of top-level-domains (localhost, invalid, test, example, local). If you would like to force DebugKit on use the `DebugKit.forceEnable` Configure option.
2019-07-22 19:25:50 Warning: DebugKit is disabling itself as your host `loc.cake.example.com` is not in the known safe list of top-level-domains (localhost, invalid, test, example, local). If you would like to force DebugKit on use the `DebugKit.forceEnable` Configure option.
2019-07-22 19:25:50 Warning: DebugKit is disabling itself as your host `loc.cake.example.com` is not in the known safe list of top-level-domains (localhost, invalid, test, example, local). If you would like to force DebugKit on use the `DebugKit.forceEnable` Configure option.
2019-07-22 19:30:04 Warning: DebugKit is disabling itself as your host `loc.cake.example.com` is not in the known safe list of top-level-domains (localhost, invalid, test, example, local). If you would like to force DebugKit on use the `DebugKit.forceEnable` Configure option.
2019-07-22 19:30:04 Warning: DebugKit is disabling itself as your host `loc.cake.example.com` is not in the known safe list of top-level-domains (localhost, invalid, test, example, local). If you would like to force DebugKit on use the `DebugKit.forceEnable` Configure option.
2019-07-22 20:35:31 Warning: DebugKit is disabling itself as your host `loc.cake.example.com` is not in the known safe list of top-level-domains (localhost, invalid, test, example, local). If you would like to force DebugKit on use the `DebugKit.forceEnable` Configure option.
2019-07-22 20:35:31 Error: Fatal Error (256): [ParseError] syntax error, unexpected '}', expecting end of file
#0 /var/www/cake.example.com/vendor/composer/ClassLoader.php(322): Composer\Autoload\includeFile('/var/www/cake.e...')
#1 [internal function]: Composer\Autoload\ClassLoader->loadClass('App\\Controller\\...')
#2 /var/www/cake.example.com/src/Controller/ErrorController.php(24): spl_autoload_call('App\\Controller\\...')
#3 /var/www/cake.example.com/vendor/composer/ClassLoader.php(444): include('/var/www/cake.e...')
#4 /var/www/cake.example.com/vendor/composer/ClassLoader.php(322): Composer\Autoload\includeFile('/var/www/cake.e...')
#5 [internal function]: Composer\Autoload\ClassLoader->loadClass('App\\Controller\\...')
#6 [internal function]: spl_autoload_call('App\\Controller\\...')
#7 /var/www/cake.example.com/vendor/cakephp/cakephp/src/Core/App.php(152): class_exists('App\\Controller\\...')
#8 /var/www/cake.example.com/vendor/cakephp/cakephp/src/Core/App.php(64): Cake\Core\App::_classExistsInBase('\\Controller\\Err...', 'App')
#9 /var/www/cake.e in [/var/www/cake.example.com/vendor/cakephp/cakephp/src/Error/ErrorHandler.php, line 180]


2019-07-22 20:37:57 Warning: DebugKit is disabling itself as your host `loc.cake.example.com` is not in the known safe list of top-level-domains (localhost, invalid, test, example, local). If you would like to force DebugKit on use the `DebugKit.forceEnable` Configure option.
2019-07-22 20:37:57 Error: Fatal Error (256): [ParseError] syntax error, unexpected '}', expecting end of file
#0 /var/www/cake.example.com/vendor/composer/ClassLoader.php(322): Composer\Autoload\includeFile('/var/www/cake.e...')
#1 [internal function]: Composer\Autoload\ClassLoader->loadClass('App\\Controller\\...')
#2 /var/www/cake.example.com/src/Controller/ErrorController.php(24): spl_autoload_call('App\\Controller\\...')
#3 /var/www/cake.example.com/vendor/composer/ClassLoader.php(444): include('/var/www/cake.e...')
#4 /var/www/cake.example.com/vendor/composer/ClassLoader.php(322): Composer\Autoload\includeFile('/var/www/cake.e...')
#5 [internal function]: Composer\Autoload\ClassLoader->loadClass('App\\Controller\\...')
#6 [internal function]: spl_autoload_call('App\\Controller\\...')
#7 /var/www/cake.example.com/vendor/cakephp/cakephp/src/Core/App.php(152): class_exists('App\\Controller\\...')
#8 /var/www/cake.example.com/vendor/cakephp/cakephp/src/Core/App.php(64): Cake\Core\App::_classExistsInBase('\\Controller\\Err...', 'App')
#9 /var/www/cake.e in [/var/www/cake.example.com/vendor/cakephp/cakephp/src/Error/ErrorHandler.php, line 180]


2019-07-22 20:37:58 Warning: DebugKit is disabling itself as your host `loc.cake.example.com` is not in the known safe list of top-level-domains (localhost, invalid, test, example, local). If you would like to force DebugKit on use the `DebugKit.forceEnable` Configure option.
2019-07-22 20:37:58 Error: Fatal Error (256): [ParseError] syntax error, unexpected '}', expecting end of file
#0 /var/www/cake.example.com/vendor/composer/ClassLoader.php(322): Composer\Autoload\includeFile('/var/www/cake.e...')
#1 [internal function]: Composer\Autoload\ClassLoader->loadClass('App\\Controller\\...')
#2 /var/www/cake.example.com/src/Controller/ErrorController.php(24): spl_autoload_call('App\\Controller\\...')
#3 /var/www/cake.example.com/vendor/composer/ClassLoader.php(444): include('/var/www/cake.e...')
#4 /var/www/cake.example.com/vendor/composer/ClassLoader.php(322): Composer\Autoload\includeFile('/var/www/cake.e...')
#5 [internal function]: Composer\Autoload\ClassLoader->loadClass('App\\Controller\\...')
#6 [internal function]: spl_autoload_call('App\\Controller\\...')
#7 /var/www/cake.example.com/vendor/cakephp/cakephp/src/Core/App.php(152): class_exists('App\\Controller\\...')
#8 /var/www/cake.example.com/vendor/cakephp/cakephp/src/Core/App.php(64): Cake\Core\App::_classExistsInBase('\\Controller\\Err...', 'App')
#9 /var/www/cake.e in [/var/www/cake.example.com/vendor/cakephp/cakephp/src/Error/ErrorHandler.php, line 180]


2019-07-22 20:37:59 Warning: DebugKit is disabling itself as your host `loc.cake.example.com` is not in the known safe list of top-level-domains (localhost, invalid, test, example, local). If you would like to force DebugKit on use the `DebugKit.forceEnable` Configure option.
2019-07-22 20:37:59 Error: Fatal Error (256): [ParseError] syntax error, unexpected '}', expecting end of file
#0 /var/www/cake.example.com/vendor/composer/ClassLoader.php(322): Composer\Autoload\includeFile('/var/www/cake.e...')
#1 [internal function]: Composer\Autoload\ClassLoader->loadClass('App\\Controller\\...')
#2 /var/www/cake.example.com/src/Controller/ErrorController.php(24): spl_autoload_call('App\\Controller\\...')
#3 /var/www/cake.example.com/vendor/composer/ClassLoader.php(444): include('/var/www/cake.e...')
#4 /var/www/cake.example.com/vendor/composer/ClassLoader.php(322): Composer\Autoload\includeFile('/var/www/cake.e...')
#5 [internal function]: Composer\Autoload\ClassLoader->loadClass('App\\Controller\\...')
#6 [internal function]: spl_autoload_call('App\\Controller\\...')
#7 /var/www/cake.example.com/vendor/cakephp/cakephp/src/Core/App.php(152): class_exists('App\\Controller\\...')
#8 /var/www/cake.example.com/vendor/cakephp/cakephp/src/Core/App.php(64): Cake\Core\App::_classExistsInBase('\\Controller\\Err...', 'App')
#9 /var/www/cake.e in [/var/www/cake.example.com/vendor/cakephp/cakephp/src/Error/ErrorHandler.php, line 180]


2019-07-22 20:38:14 Warning: DebugKit is disabling itself as your host `loc.cake.example.com` is not in the known safe list of top-level-domains (localhost, invalid, test, example, local). If you would like to force DebugKit on use the `DebugKit.forceEnable` Configure option.
2019-07-22 20:38:14 Error: Fatal Error (256): [ParseError] syntax error, unexpected '}', expecting end of file
#0 /var/www/cake.example.com/vendor/composer/ClassLoader.php(322): Composer\Autoload\includeFile('/var/www/cake.e...')
#1 [internal function]: Composer\Autoload\ClassLoader->loadClass('App\\Controller\\...')
#2 /var/www/cake.example.com/src/Controller/ErrorController.php(24): spl_autoload_call('App\\Controller\\...')
#3 /var/www/cake.example.com/vendor/composer/ClassLoader.php(444): include('/var/www/cake.e...')
#4 /var/www/cake.example.com/vendor/composer/ClassLoader.php(322): Composer\Autoload\includeFile('/var/www/cake.e...')
#5 [internal function]: Composer\Autoload\ClassLoader->loadClass('App\\Controller\\...')
#6 [internal function]: spl_autoload_call('App\\Controller\\...')
#7 /var/www/cake.example.com/vendor/cakephp/cakephp/src/Core/App.php(152): class_exists('App\\Controller\\...')
#8 /var/www/cake.example.com/vendor/cakephp/cakephp/src/Core/App.php(64): Cake\Core\App::_classExistsInBase('\\Controller\\Err...', 'App')
#9 /var/www/cake.e in [/var/www/cake.example.com/vendor/cakephp/cakephp/src/Error/ErrorHandler.php, line 180]


2019-07-22 20:38:29 Warning: DebugKit is disabling itself as your host `loc.cake.example.com` is not in the known safe list of top-level-domains (localhost, invalid, test, example, local). If you would like to force DebugKit on use the `DebugKit.forceEnable` Configure option.
2019-07-22 20:38:29 Error: Fatal Error (256): [ParseError] syntax error, unexpected '}', expecting end of file
#0 /var/www/cake.example.com/vendor/composer/ClassLoader.php(322): Composer\Autoload\includeFile('/var/www/cake.e...')
#1 [internal function]: Composer\Autoload\ClassLoader->loadClass('App\\Controller\\...')
#2 /var/www/cake.example.com/src/Controller/ErrorController.php(24): spl_autoload_call('App\\Controller\\...')
#3 /var/www/cake.example.com/vendor/composer/ClassLoader.php(444): include('/var/www/cake.e...')
#4 /var/www/cake.example.com/vendor/composer/ClassLoader.php(322): Composer\Autoload\includeFile('/var/www/cake.e...')
#5 [internal function]: Composer\Autoload\ClassLoader->loadClass('App\\Controller\\...')
#6 [internal function]: spl_autoload_call('App\\Controller\\...')
#7 /var/www/cake.example.com/vendor/cakephp/cakephp/src/Core/App.php(152): class_exists('App\\Controller\\...')
#8 /var/www/cake.example.com/vendor/cakephp/cakephp/src/Core/App.php(64): Cake\Core\App::_classExistsInBase('\\Controller\\Err...', 'App')
#9 /var/www/cake.e in [/var/www/cake.example.com/vendor/cakephp/cakephp/src/Error/ErrorHandler.php, line 180]


2019-07-22 20:46:34 Warning: DebugKit is disabling itself as your host `loc.cake.example.com` is not in the known safe list of top-level-domains (localhost, invalid, test, example, local). If you would like to force DebugKit on use the `DebugKit.forceEnable` Configure option.
2019-07-22 20:46:34 Error: Fatal Error (256): [ParseError] syntax error, unexpected 'protected' (T_PROTECTED), expecting end of file
#0 /var/www/cake.example.com/vendor/composer/ClassLoader.php(322): Composer\Autoload\includeFile('/var/www/cake.e...')
#1 [internal function]: Composer\Autoload\ClassLoader->loadClass('App\\Controller\\...')
#2 /var/www/cake.example.com/src/Controller/ErrorController.php(24): spl_autoload_call('App\\Controller\\...')
#3 /var/www/cake.example.com/vendor/composer/ClassLoader.php(444): include('/var/www/cake.e...')
#4 /var/www/cake.example.com/vendor/composer/ClassLoader.php(322): Composer\Autoload\includeFile('/var/www/cake.e...')
#5 [internal function]: Composer\Autoload\ClassLoader->loadClass('App\\Controller\\...')
#6 [internal function]: spl_autoload_call('App\\Controller\\...')
#7 /var/www/cake.example.com/vendor/cakephp/cakephp/src/Core/App.php(152): class_exists('App\\Controller\\...')
#8 /var/www/cake.example.com/vendor/cakephp/cakephp/src/Core/App.php(64): Cake\Core\App::_classExistsInBase('\\Controller\\Err...', 'Ap in [/var/www/cake.example.com/vendor/cakephp/cakephp/src/Error/ErrorHandler.php, line 180]


2019-07-22 20:46:47 Warning: DebugKit is disabling itself as your host `loc.cake.example.com` is not in the known safe list of top-level-domains (localhost, invalid, test, example, local). If you would like to force DebugKit on use the `DebugKit.forceEnable` Configure option.
2019-07-22 20:46:47 Error: Fatal Error (256): [ParseError] syntax error, unexpected 'protected' (T_PROTECTED), expecting end of file
#0 /var/www/cake.example.com/vendor/composer/ClassLoader.php(322): Composer\Autoload\includeFile('/var/www/cake.e...')
#1 [internal function]: Composer\Autoload\ClassLoader->loadClass('App\\Controller\\...')
#2 /var/www/cake.example.com/src/Controller/ErrorController.php(24): spl_autoload_call('App\\Controller\\...')
#3 /var/www/cake.example.com/vendor/composer/ClassLoader.php(444): include('/var/www/cake.e...')
#4 /var/www/cake.example.com/vendor/composer/ClassLoader.php(322): Composer\Autoload\includeFile('/var/www/cake.e...')
#5 [internal function]: Composer\Autoload\ClassLoader->loadClass('App\\Controller\\...')
#6 [internal function]: spl_autoload_call('App\\Controller\\...')
#7 /var/www/cake.example.com/vendor/cakephp/cakephp/src/Core/App.php(152): class_exists('App\\Controller\\...')
#8 /var/www/cake.example.com/vendor/cakephp/cakephp/src/Core/App.php(64): Cake\Core\App::_classExistsInBase('\\Controller\\Err...', 'Ap in [/var/www/cake.example.com/vendor/cakephp/cakephp/src/Error/ErrorHandler.php, line 180]


2019-07-22 20:50:28 Warning: DebugKit is disabling itself as your host `loc.cake.example.com` is not in the known safe list of top-level-domains (localhost, invalid, test, example, local). If you would like to force DebugKit on use the `DebugKit.forceEnable` Configure option.
2019-07-22 20:50:28 Error: Fatal Error (256): [ParseError] syntax error, unexpected 'protected' (T_PROTECTED), expecting end of file
#0 /var/www/cake.example.com/vendor/composer/ClassLoader.php(322): Composer\Autoload\includeFile('/var/www/cake.e...')
#1 [internal function]: Composer\Autoload\ClassLoader->loadClass('App\\Controller\\...')
#2 /var/www/cake.example.com/src/Controller/ErrorController.php(24): spl_autoload_call('App\\Controller\\...')
#3 /var/www/cake.example.com/vendor/composer/ClassLoader.php(444): include('/var/www/cake.e...')
#4 /var/www/cake.example.com/vendor/composer/ClassLoader.php(322): Composer\Autoload\includeFile('/var/www/cake.e...')
#5 [internal function]: Composer\Autoload\ClassLoader->loadClass('App\\Controller\\...')
#6 [internal function]: spl_autoload_call('App\\Controller\\...')
#7 /var/www/cake.example.com/vendor/cakephp/cakephp/src/Core/App.php(152): class_exists('App\\Controller\\...')
#8 /var/www/cake.example.com/vendor/cakephp/cakephp/src/Core/App.php(64): Cake\Core\App::_classExistsInBase('\\Controller\\Err...', 'Ap in [/var/www/cake.example.com/vendor/cakephp/cakephp/src/Error/ErrorHandler.php, line 180]


2019-07-22 20:51:30 Warning: DebugKit is disabling itself as your host `loc.cake.example.com` is not in the known safe list of top-level-domains (localhost, invalid, test, example, local). If you would like to force DebugKit on use the `DebugKit.forceEnable` Configure option.
2019-07-22 20:51:30 Error: Fatal Error (256): [ParseError] syntax error, unexpected 'protected' (T_PROTECTED), expecting end of file
#0 /var/www/cake.example.com/vendor/composer/ClassLoader.php(322): Composer\Autoload\includeFile('/var/www/cake.e...')
#1 [internal function]: Composer\Autoload\ClassLoader->loadClass('App\\Controller\\...')
#2 /var/www/cake.example.com/src/Controller/ErrorController.php(24): spl_autoload_call('App\\Controller\\...')
#3 /var/www/cake.example.com/vendor/composer/ClassLoader.php(444): include('/var/www/cake.e...')
#4 /var/www/cake.example.com/vendor/composer/ClassLoader.php(322): Composer\Autoload\includeFile('/var/www/cake.e...')
#5 [internal function]: Composer\Autoload\ClassLoader->loadClass('App\\Controller\\...')
#6 [internal function]: spl_autoload_call('App\\Controller\\...')
#7 /var/www/cake.example.com/vendor/cakephp/cakephp/src/Core/App.php(152): class_exists('App\\Controller\\...')
#8 /var/www/cake.example.com/vendor/cakephp/cakephp/src/Core/App.php(64): Cake\Core\App::_classExistsInBase('\\Controller\\Err...', 'Ap in [/var/www/cake.example.com/vendor/cakephp/cakephp/src/Error/ErrorHandler.php, line 180]


2019-07-22 20:51:38 Warning: DebugKit is disabling itself as your host `loc.cake.example.com` is not in the known safe list of top-level-domains (localhost, invalid, test, example, local). If you would like to force DebugKit on use the `DebugKit.forceEnable` Configure option.
2019-07-22 20:51:38 Error: Fatal Error (256): [ParseError] syntax error, unexpected 'protected' (T_PROTECTED), expecting end of file
#0 /var/www/cake.example.com/vendor/composer/ClassLoader.php(322): Composer\Autoload\includeFile('/var/www/cake.e...')
#1 [internal function]: Composer\Autoload\ClassLoader->loadClass('App\\Controller\\...')
#2 /var/www/cake.example.com/src/Controller/ErrorController.php(24): spl_autoload_call('App\\Controller\\...')
#3 /var/www/cake.example.com/vendor/composer/ClassLoader.php(444): include('/var/www/cake.e...')
#4 /var/www/cake.example.com/vendor/composer/ClassLoader.php(322): Composer\Autoload\includeFile('/var/www/cake.e...')
#5 [internal function]: Composer\Autoload\ClassLoader->loadClass('App\\Controller\\...')
#6 [internal function]: spl_autoload_call('App\\Controller\\...')
#7 /var/www/cake.example.com/vendor/cakephp/cakephp/src/Core/App.php(152): class_exists('App\\Controller\\...')
#8 /var/www/cake.example.com/vendor/cakephp/cakephp/src/Core/App.php(64): Cake\Core\App::_classExistsInBase('\\Controller\\Err...', 'Ap in [/var/www/cake.example.com/vendor/cakephp/cakephp/src/Error/ErrorHandler.php, line 180]


2019-07-22 20:51:45 Warning: DebugKit is disabling itself as your host `loc.cake.example.com` is not in the known safe list of top-level-domains (localhost, invalid, test, example, local). If you would like to force DebugKit on use the `DebugKit.forceEnable` Configure option.
2019-07-22 20:51:45 Error: Fatal Error (256): [ParseError] syntax error, unexpected 'protected' (T_PROTECTED), expecting end of file
#0 /var/www/cake.example.com/vendor/composer/ClassLoader.php(322): Composer\Autoload\includeFile('/var/www/cake.e...')
#1 [internal function]: Composer\Autoload\ClassLoader->loadClass('App\\Controller\\...')
#2 /var/www/cake.example.com/src/Controller/ErrorController.php(24): spl_autoload_call('App\\Controller\\...')
#3 /var/www/cake.example.com/vendor/composer/ClassLoader.php(444): include('/var/www/cake.e...')
#4 /var/www/cake.example.com/vendor/composer/ClassLoader.php(322): Composer\Autoload\includeFile('/var/www/cake.e...')
#5 [internal function]: Composer\Autoload\ClassLoader->loadClass('App\\Controller\\...')
#6 [internal function]: spl_autoload_call('App\\Controller\\...')
#7 /var/www/cake.example.com/vendor/cakephp/cakephp/src/Core/App.php(152): class_exists('App\\Controller\\...')
#8 /var/www/cake.example.com/vendor/cakephp/cakephp/src/Core/App.php(64): Cake\Core\App::_classExistsInBase('\\Controller\\Err...', 'Ap in [/var/www/cake.example.com/vendor/cakephp/cakephp/src/Error/ErrorHandler.php, line 180]


2019-07-22 20:51:52 Warning: DebugKit is disabling itself as your host `loc.cake.example.com` is not in the known safe list of top-level-domains (localhost, invalid, test, example, local). If you would like to force DebugKit on use the `DebugKit.forceEnable` Configure option.
2019-07-22 20:51:52 Error: Fatal Error (256): [ParseError] syntax error, unexpected 'protected' (T_PROTECTED), expecting end of file
#0 /var/www/cake.example.com/vendor/composer/ClassLoader.php(322): Composer\Autoload\includeFile('/var/www/cake.e...')
#1 [internal function]: Composer\Autoload\ClassLoader->loadClass('App\\Controller\\...')
#2 /var/www/cake.example.com/src/Controller/ErrorController.php(24): spl_autoload_call('App\\Controller\\...')
#3 /var/www/cake.example.com/vendor/composer/ClassLoader.php(444): include('/var/www/cake.e...')
#4 /var/www/cake.example.com/vendor/composer/ClassLoader.php(322): Composer\Autoload\includeFile('/var/www/cake.e...')
#5 [internal function]: Composer\Autoload\ClassLoader->loadClass('App\\Controller\\...')
#6 [internal function]: spl_autoload_call('App\\Controller\\...')
#7 /var/www/cake.example.com/vendor/cakephp/cakephp/src/Core/App.php(152): class_exists('App\\Controller\\...')
#8 /var/www/cake.example.com/vendor/cakephp/cakephp/src/Core/App.php(64): Cake\Core\App::_classExistsInBase('\\Controller\\Err...', 'Ap in [/var/www/cake.example.com/vendor/cakephp/cakephp/src/Error/ErrorHandler.php, line 180]


2019-07-22 20:53:39 Warning: DebugKit is disabling itself as your host `loc.cake.example.com` is not in the known safe list of top-level-domains (localhost, invalid, test, example, local). If you would like to force DebugKit on use the `DebugKit.forceEnable` Configure option.
2019-07-22 20:53:39 Warning: DebugKit is disabling itself as your host `loc.cake.example.com` is not in the known safe list of top-level-domains (localhost, invalid, test, example, local). If you would like to force DebugKit on use the `DebugKit.forceEnable` Configure option.
2019-07-22 20:53:46 Warning: DebugKit is disabling itself as your host `loc.cake.example.com` is not in the known safe list of top-level-domains (localhost, invalid, test, example, local). If you would like to force DebugKit on use the `DebugKit.forceEnable` Configure option.
2019-07-22 20:53:46 Warning: DebugKit is disabling itself as your host `loc.cake.example.com` is not in the known safe list of top-level-domains (localhost, invalid, test, example, local). If you would like to force DebugKit on use the `DebugKit.forceEnable` Configure option.
2019-07-22 20:54:25 Warning: DebugKit is disabling itself as your host `loc.cake.example.com` is not in the known safe list of top-level-domains (localhost, invalid, test, example, local). If you would like to force DebugKit on use the `DebugKit.forceEnable` Configure option.
2019-07-22 20:54:25 Warning: DebugKit is disabling itself as your host `loc.cake.example.com` is not in the known safe list of top-level-domains (localhost, invalid, test, example, local). If you would like to force DebugKit on use the `DebugKit.forceEnable` Configure option.
2019-07-22 20:55:59 Warning: DebugKit is disabling itself as your host `loc.cake.example.com` is not in the known safe list of top-level-domains (localhost, invalid, test, example, local). If you would like to force DebugKit on use the `DebugKit.forceEnable` Configure option.
2019-07-22 20:56:10 Warning: DebugKit is disabling itself as your host `loc.cake.example.com` is not in the known safe list of top-level-domains (localhost, invalid, test, example, local). If you would like to force DebugKit on use the `DebugKit.forceEnable` Configure option.
2019-07-22 20:56:44 Warning: DebugKit is disabling itself as your host `loc.cake.example.com` is not in the known safe list of top-level-domains (localhost, invalid, test, example, local). If you would like to force DebugKit on use the `DebugKit.forceEnable` Configure option.
2019-07-22 21:00:48 Warning: DebugKit is disabling itself as your host `loc.cake.example.com` is not in the known safe list of top-level-domains (localhost, invalid, test, example, local). If you would like to force DebugKit on use the `DebugKit.forceEnable` Configure option.
2019-07-22 21:00:56 Warning: DebugKit is disabling itself as your host `loc.cake.example.com` is not in the known safe list of top-level-domains (localhost, invalid, test, example, local). If you would like to force DebugKit on use the `DebugKit.forceEnable` Configure option.
2019-07-22 21:01:00 Warning: DebugKit is disabling itself as your host `loc.cake.example.com` is not in the known safe list of top-level-domains (localhost, invalid, test, example, local). If you would like to force DebugKit on use the `DebugKit.forceEnable` Configure option.
2019-07-22 21:03:33 Warning: DebugKit is disabling itself as your host `loc.cake.example.com` is not in the known safe list of top-level-domains (localhost, invalid, test, example, local). If you would like to force DebugKit on use the `DebugKit.forceEnable` Configure option.
2019-07-22 21:03:39 Warning: DebugKit is disabling itself as your host `loc.cake.example.com` is not in the known safe list of top-level-domains (localhost, invalid, test, example, local). If you would like to force DebugKit on use the `DebugKit.forceEnable` Configure option.
2019-07-22 21:03:43 Warning: DebugKit is disabling itself as your host `loc.cake.example.com` is not in the known safe list of top-level-domains (localhost, invalid, test, example, local). If you would like to force DebugKit on use the `DebugKit.forceEnable` Configure option.
2019-07-22 21:03:47 Warning: DebugKit is disabling itself as your host `loc.cake.example.com` is not in the known safe list of top-level-domains (localhost, invalid, test, example, local). If you would like to force DebugKit on use the `DebugKit.forceEnable` Configure option.
2019-07-22 21:03:51 Warning: DebugKit is disabling itself as your host `loc.cake.example.com` is not in the known safe list of top-level-domains (localhost, invalid, test, example, local). If you would like to force DebugKit on use the `DebugKit.forceEnable` Configure option.
2019-07-22 21:03:58 Warning: DebugKit is disabling itself as your host `loc.cake.example.com` is not in the known safe list of top-level-domains (localhost, invalid, test, example, local). If you would like to force DebugKit on use the `DebugKit.forceEnable` Configure option.
2019-07-22 21:04:02 Warning: DebugKit is disabling itself as your host `loc.cake.example.com` is not in the known safe list of top-level-domains (localhost, invalid, test, example, local). If you would like to force DebugKit on use the `DebugKit.forceEnable` Configure option.
2019-07-22 21:04:16 Warning: DebugKit is disabling itself as your host `loc.cake.example.com` is not in the known safe list of top-level-domains (localhost, invalid, test, example, local). If you would like to force DebugKit on use the `DebugKit.forceEnable` Configure option.
2019-07-22 21:04:19 Warning: DebugKit is disabling itself as your host `loc.cake.example.com` is not in the known safe list of top-level-domains (localhost, invalid, test, example, local). If you would like to force DebugKit on use the `DebugKit.forceEnable` Configure option.
2019-07-22 21:04:28 Warning: DebugKit is disabling itself as your host `loc.cake.example.com` is not in the known safe list of top-level-domains (localhost, invalid, test, example, local). If you would like to force DebugKit on use the `DebugKit.forceEnable` Configure option.
2019-07-22 21:04:30 Warning: DebugKit is disabling itself as your host `loc.cake.example.com` is not in the known safe list of top-level-domains (localhost, invalid, test, example, local). If you would like to force DebugKit on use the `DebugKit.forceEnable` Configure option.
2019-07-22 21:04:32 Warning: DebugKit is disabling itself as your host `loc.cake.example.com` is not in the known safe list of top-level-domains (localhost, invalid, test, example, local). If you would like to force DebugKit on use the `DebugKit.forceEnable` Configure option.
2019-07-22 21:04:36 Warning: DebugKit is disabling itself as your host `loc.cake.example.com` is not in the known safe list of top-level-domains (localhost, invalid, test, example, local). If you would like to force DebugKit on use the `DebugKit.forceEnable` Configure option.
2019-07-22 21:04:40 Warning: DebugKit is disabling itself as your host `loc.cake.example.com` is not in the known safe list of top-level-domains (localhost, invalid, test, example, local). If you would like to force DebugKit on use the `DebugKit.forceEnable` Configure option.
2019-07-22 21:05:01 Warning: DebugKit is disabling itself as your host `loc.cake.example.com` is not in the known safe list of top-level-domains (localhost, invalid, test, example, local). If you would like to force DebugKit on use the `DebugKit.forceEnable` Configure option.
2019-07-22 21:05:32 Warning: DebugKit is disabling itself as your host `loc.cake.example.com` is not in the known safe list of top-level-domains (localhost, invalid, test, example, local). If you would like to force DebugKit on use the `DebugKit.forceEnable` Configure option.
2019-07-22 21:07:08 Warning: DebugKit is disabling itself as your host `loc.cake.example.com` is not in the known safe list of top-level-domains (localhost, invalid, test, example, local). If you would like to force DebugKit on use the `DebugKit.forceEnable` Configure option.
2019-07-22 21:07:08 Warning: DebugKit is disabling itself as your host `loc.cake.example.com` is not in the known safe list of top-level-domains (localhost, invalid, test, example, local). If you would like to force DebugKit on use the `DebugKit.forceEnable` Configure option.
2019-07-22 21:12:31 Warning: DebugKit is disabling itself as your host `loc.cake.example.com` is not in the known safe list of top-level-domains (localhost, invalid, test, example, local). If you would like to force DebugKit on use the `DebugKit.forceEnable` Configure option.
2019-07-22 21:12:31 Warning: DebugKit is disabling itself as your host `loc.cake.example.com` is not in the known safe list of top-level-domains (localhost, invalid, test, example, local). If you would like to force DebugKit on use the `DebugKit.forceEnable` Configure option.
2019-07-22 21:17:37 Warning: DebugKit is disabling itself as your host `loc.cake.example.com` is not in the known safe list of top-level-domains (localhost, invalid, test, example, local). If you would like to force DebugKit on use the `DebugKit.forceEnable` Configure option.
2019-07-22 21:17:44 Warning: DebugKit is disabling itself as your host `loc.cake.example.com` is not in the known safe list of top-level-domains (localhost, invalid, test, example, local). If you would like to force DebugKit on use the `DebugKit.forceEnable` Configure option.
